version: (200506)

available memory: 64M bytes
used memory: 147456 bytes [need 144K bytes if disable swap]

used block: 4 [memory(4) file(0)]
                 [ 8K(2) 64K(2) { total 144K bytes } ]
overhead: (9538) bytes for (4) blocks [Average: (2384) bytes/block]

write  => 0(times) 0K(bytes) [0K bytes to file]
read   => 2(times) 34K(bytes) [6K bytes compressed data from file]
access => 68363(times) 540M(bytes)
          [hit ratio: 99.9971%]

time: write(0) read(0)  unit: second

swap file directory: (/home/ql21/ece411/mp_ooo/fa24_ece411_AG_Crushers/sim/verdiLog)
used swap file number: (4)



swap file manager:
arrSize: (256)
idxCnt: (5)
closeHead: (1)
closeTail: (4)
openCnt: (3)
fid(4): fd(1073741825) fileName(/home/ql21/ece411/mp_ooo/fa24_ece411_AG_Crushers/sim/vcs/top_tb.daidir/kdb.elab++/work.lib++/instruction_queue.sv.tdc)
	size(4377) lastModTime(1730300777) curModTime(1730300777)
	mode(rb)	hot(0) cool(2) pos(0)
fid(3): fd(0) fileName(/home/ql21/ece411/mp_ooo/fa24_ece411_AG_Crushers/sim/vcs/top_tb.daidir/kdb.elab++/work.lib++/banked_memory.sv.tdc)
	size(11222) lastModTime(1730300777) curModTime(1730300777)
	mode(rb)	hot(0) cool(0) pos(0)
fid(2): fd(43) fileName(/home/ql21/ece411/mp_ooo/fa24_ece411_AG_Crushers/sim/verdiLog/_swap_0001#380372454#155183)
	size(0) lastModTime(0) curModTime(1730327453)
	mode(w+b)	hot(4) cool(1) pos(0)
fid(1): fd(1073741824) fileName(/home/ql21/ece411/mp_ooo/fa24_ece411_AG_Crushers/sim/vcs/top_tb.daidir/kdb.elab++/work.lib++/top_tb.sv.tdc)
	size(7836) lastModTime(1730300777) curModTime(1730300777)
	mode(rb)	hot(2) cool(0) pos(0)
fid(0): fd(0) fileName(NULL)
	mode(NULL)	hot(0) cool(0) pos(0)
==================================================
mySelf(180131b0) pre(16656a50) next(0)
version(200506)
date(Mar 24 2021 03:58:02)
